<?xml version="1.0" encoding="UTF-8"?>
<!-- Generated by org.testng.reporters.JUnitReportReporter -->
<testsuite hostname="DESKTOP-DL42SBL" failures="0" tests="2" name="smarttech.ny.hooks.FailedTestCases" time="0.012" errors="0" timestamp="2023-05-15T20:33:04 EDT" skipped="0">
  <testcase classname="smarttech.ny.hooks.FailedTestCases" name="getTestFive" time="0.011"/>
  <system-out/>
  <testcase classname="smarttech.ny.hooks.FailedTestCases" name="getTestOne" time="0.001"/>
  <system-out/>
</testsuite> <!-- smarttech.ny.hooks.FailedTestCases -->
