<?xml version="1.0" encoding="UTF-8"?>
<!-- Generated by org.testng.reporters.JUnitReportReporter -->
<testsuite hostname="DESKTOP-DL42SBL" failures="0" tests="3" name="smarttech.ny.TestNgChallenges.CrossBrowserTesting" time="15.072" errors="0" timestamp="2023-05-14T22:23:01 EDT" skipped="0">
  <testcase classname="smarttech.ny.TestNgChallenges.CrossBrowserTesting" name="getLogIn" time="3.650"/>
  <system-out/>
  <testcase classname="smarttech.ny.TestNgChallenges.CrossBrowserTesting" name="getLogIn" time="3.726"/>
  <system-out/>
  <testcase classname="smarttech.ny.TestNgChallenges.CrossBrowserTesting" name="getLogIn" time="7.696"/>
  <system-out/>
</testsuite> <!-- smarttech.ny.TestNgChallenges.CrossBrowserTesting -->
