<?xml version="1.0" encoding="UTF-8"?>
<!-- Generated by org.testng.reporters.JUnitReportReporter -->
<testsuite hostname="DESKTOP-DL42SBL" failures="0" tests="5" name="smarttech.ny.TestNgChallenges.PriorityTest" time="0.015" errors="0" timestamp="2023-05-14T18:38:12 EDT" skipped="0">
  <testcase classname="smarttech.ny.TestNgChallenges.PriorityTest" name="GetMethod0" time="0.008"/>
  <system-out/>
  <testcase classname="smarttech.ny.TestNgChallenges.PriorityTest" name="GetMethod3" time="0.002"/>
  <system-out/>
  <testcase classname="smarttech.ny.TestNgChallenges.PriorityTest" name="GetMethod4" time="0.002"/>
  <system-out/>
  <testcase classname="smarttech.ny.TestNgChallenges.PriorityTest" name="GetMethod2" time="0.001"/>
  <system-out/>
  <testcase classname="smarttech.ny.TestNgChallenges.PriorityTest" name="GetMethod1" time="0.002"/>
  <system-out/>
</testsuite> <!-- smarttech.ny.TestNgChallenges.PriorityTest -->
