<?xml version="1.0" encoding="UTF-8"?>
<!-- Generated by org.testng.reporters.JUnitReportReporter -->
<testsuite hostname="DESKTOP-DL42SBL" failures="0" tests="4" name="smarttech.ny.TestNgChallenges.TestDataProvider" time="20.489" errors="0" timestamp="2023-05-15T19:05:52 EDT" skipped="0">
  <testcase classname="smarttech.ny.TestNgChallenges.TestDataProvider" name="getLogin" time="5.447"/>
  <system-out/>
  <testcase classname="smarttech.ny.TestNgChallenges.TestDataProvider" name="getLogin" time="4.404"/>
  <system-out/>
  <testcase classname="smarttech.ny.TestNgChallenges.TestDataProvider" name="getLogin" time="5.754"/>
  <system-out/>
  <testcase classname="smarttech.ny.TestNgChallenges.TestDataProvider" name="getLogin" time="4.884"/>
  <system-out/>
</testsuite> <!-- smarttech.ny.TestNgChallenges.TestDataProvider -->
