<?xml version="1.0" encoding="UTF-8"?>
<!-- Generated by org.testng.reporters.JUnitReportReporter -->
<testsuite hostname="DESKTOP-DL42SBL" failures="0" tests="1" name="smarttech.ny.TestNgChallenges.DataProvider" time="7.120" errors="0" timestamp="2023-05-15T18:48:15 EDT" skipped="0">
  <testcase classname="smarttech.ny.TestNgChallenges.DataProvider" name="getLogin" time="7.120"/>
  <system-out/>
</testsuite> <!-- smarttech.ny.TestNgChallenges.DataProvider -->
