<?xml version="1.0" encoding="UTF-8"?>
<!-- Generated by org.testng.reporters.JUnitReportReporter -->
<testsuite hostname="DESKTOP-DL42SBL" failures="0" tests="1" name="smarttech.ny.TestNgChallenges.BasicAnnotation" time="0.006" errors="0" timestamp="2023-05-14T18:05:18 EDT" skipped="0">
  <testcase classname="smarttech.ny.TestNgChallenges.BasicAnnotation" name="getTest" time="0.006"/>
  <system-out/>
</testsuite> <!-- smarttech.ny.TestNgChallenges.BasicAnnotation -->
