<?xml version="1.0" encoding="UTF-8"?>
<!-- Generated by org.testng.reporters.JUnitReportReporter -->
<testsuite hostname="DESKTOP-DL42SBL" failures="0" tests="1" name="smarttech.ny.myrunner.MyRunner" time="8.515" errors="0" timestamp="2023-05-15T22:21:23 EDT" skipped="0">
  <testcase classname="smarttech.ny.myrunner.MyRunner" name="runScenario" time="8.515"/>
  <system-out/>
</testsuite> <!-- smarttech.ny.myrunner.MyRunner -->
