<?xml version="1.0" encoding="UTF-8"?>
<!-- Generated by org.testng.reporters.JUnitReportReporter -->
<testsuite hostname="DESKTOP-DL42SBL" failures="0" tests="4" name="smarttech.ny.TestNgChallenges.ParallalTesting" time="11.281" errors="0" timestamp="2023-05-15T16:59:37 EDT" skipped="0">
  <testcase classname="smarttech.ny.TestNgChallenges.ParallalTesting" name="smokeTest" time="2.164"/>
  <system-out/>
  <testcase classname="smarttech.ny.TestNgChallenges.ParallalTesting" name="seantyTesten" time="2.182"/>
  <system-out/>
  <testcase classname="smarttech.ny.TestNgChallenges.ParallalTesting" name="funtionalTest" time="3.983"/>
  <system-out/>
  <testcase classname="smarttech.ny.TestNgChallenges.ParallalTesting" name="regressionTest" time="2.952"/>
  <system-out/>
</testsuite> <!-- smarttech.ny.TestNgChallenges.ParallalTesting -->
